This is pdfTeX, Version 3.14159265-2.6-1.40.20 (TeX Live 2019/Debian) (preloaded format=pdflatex 2020.11.17)  29 NOV 2020 20:28
entering extended mode
 restricted \write18 enabled.
 %&-line parsing enabled.
**&pdflatex prv_ch1exercises.ini \nonstopmode\nofiles\PassOptionsToPackage{active,tightpage,auctex}{preview}\AtBeginDocument{\ifx\ifPreview\undefined\RequirePackage[displaymath,floats,graphics,textmath,sections,footnotes]{preview}[2004/11/05]\fi} \input \detokenize{ ch1exercises.tex }
(./prv_ch1exercises.ini
LaTeX2e <2020-02-02> patch level 2
L3 programming layer <2020-02-14> (/usr/share/texlive/texmf-dist/tex/latex/carlisle/mylatex.ltx) (/usr/share/texlive/texmf-dist/tex/latex/tools/.tex File ignored))
No auxiliary output files.

(./ch1exercises.tex (/usr/share/texlive/texmf-dist/tex/latex/amscls/amsart.cls
Document Class: amsart 2017/10/31 v2.20.4
\linespacing=\dimen134
\normalparindent=\dimen135
\normaltopskip=\skip47
(/usr/share/texlive/texmf-dist/tex/latex/amsmath/amsmath.sty
Package: amsmath 2020/01/20 v2.17e AMS math features
\@mathmargin=\skip48

For additional information on amsmath, use the `?' option.
(/usr/share/texlive/texmf-dist/tex/latex/amsmath/amstext.sty
Package: amstext 2000/06/29 v2.01 AMS text
 (/usr/share/texlive/texmf-dist/tex/latex/amsmath/amsgen.sty
File: amsgen.sty 1999/11/30 v2.0 generic functions
\@emptytoks=\toks14
\ex@=\dimen136
)) (/usr/share/texlive/texmf-dist/tex/latex/amsmath/amsbsy.sty
Package: amsbsy 1999/11/29 v1.2d Bold Symbols
\pmbraise@=\dimen137
) (/usr/share/texlive/texmf-dist/tex/latex/amsmath/amsopn.sty
Package: amsopn 2016/03/08 v2.02 operator names
)
\inf@bad=\count167
LaTeX Info: Redefining \frac on input line 227.
\uproot@=\count168
\leftroot@=\count169
LaTeX Info: Redefining \overline on input line 389.
\classnum@=\count170
\DOTSCASE@=\count171
LaTeX Info: Redefining \ldots on input line 486.
LaTeX Info: Redefining \dots on input line 489.
LaTeX Info: Redefining \cdots on input line 610.
\Mathstrutbox@=\box45
\strutbox@=\box46
\big@size=\dimen138
LaTeX Font Info:    Redeclaring font encoding OML on input line 733.
LaTeX Font Info:    Redeclaring font encoding OMS on input line 734.
\macc@depth=\count172
\c@MaxMatrixCols=\count173
\dotsspace@=\muskip16
\c@parentequation=\count174
\dspbrk@lvl=\count175
\tag@help=\toks15
\row@=\count176
\column@=\count177
\maxfields@=\count178
\andhelp@=\toks16
\eqnshift@=\dimen139
\alignsep@=\dimen140
\tagshift@=\dimen141
\tagwidth@=\dimen142
\totwidth@=\dimen143
\lineht@=\dimen144
\@envbody=\toks17
\multlinegap=\skip49
\multlinetaggap=\skip50
\mathdisplay@stack=\toks18
LaTeX Info: Redefining \[ on input line 2859.
LaTeX Info: Redefining \] on input line 2860.
)
LaTeX Font Info:    Trying to load font information for U+msa on input line 398.
 (/usr/share/texlive/texmf-dist/tex/latex/amsfonts/umsa.fd
File: umsa.fd 2013/01/14 v3.01 AMS symbols A
) (/usr/share/texlive/texmf-dist/tex/latex/amsfonts/amsfonts.sty
Package: amsfonts 2013/01/14 v3.01 Basic AMSFonts support
\symAMSa=\mathgroup4
\symAMSb=\mathgroup5
LaTeX Font Info:    Redeclaring math symbol \hbar on input line 98.
LaTeX Font Info:    Overwriting math alphabet `\mathfrak' in version `bold'
(Font)                  U/euf/m/n --> U/euf/b/n on input line 106.
)
\copyins=\insert199
\abstractbox=\box47
\listisep=\skip51
\c@part=\count179
\c@section=\count180
\c@subsection=\count181
\c@subsubsection=\count182
\c@paragraph=\count183
\c@subparagraph=\count184
\c@figure=\count185
\c@table=\count186
\abovecaptionskip=\skip52
\belowcaptionskip=\skip53
\captionindent=\dimen145
\thm@style=\toks19
\thm@bodyfont=\toks20
\thm@headfont=\toks21
\thm@notefont=\toks22
\thm@headpunct=\toks23
\thm@preskip=\skip54
\thm@postskip=\skip55
\thm@headsep=\skip56
\dth@everypar=\toks24
) (/usr/share/texlive/texmf-dist/tex/latex/tools/enumerate.sty
Package: enumerate 2015/07/23 v3.00 enumerate extensions (DPC)
\@enLab=\toks25
)
LaTeX Font Info:    Trying to load font information for U+msa on input line 9.
 (/usr/share/texlive/texmf-dist/tex/latex/amsfonts/umsa.fd
File: umsa.fd 2013/01/14 v3.01 AMS symbols A
)
LaTeX Font Info:    Trying to load font information for U+msb on input line 9.
 (/usr/share/texlive/texmf-dist/tex/latex/amsfonts/umsb.fd
File: umsb.fd 2013/01/14 v3.01 AMS symbols B
) )
Beginning to dump on file prv_ch1exercises.fmt
 (preloaded format=prv_ch1exercises 2020.11.29)
20205 strings of total length 346179
248796 memory locations dumped; current usage is 238&247652
16591 multiletter control sequences
\font\nullfont=nullfont
\font\OMX/cmex/m/n/10=cmex10
\font\tenln=line10
\font\tenlnw=linew10
\font\tencirc=lcircle10
\font\tencircw=lcirclew10
\font\OT1/cmr/m/n/5=cmr5
\font\OT1/cmr/m/n/7=cmr7
\font\OT1/cmr/m/n/10=cmr10
\font\OML/cmm/m/it/5=cmmi5
\font\OML/cmm/m/it/7=cmmi7
\font\OML/cmm/m/it/10=cmmi10
\font\OMS/cmsy/m/n/5=cmsy5
\font\OMS/cmsy/m/n/7=cmsy7
\font\OMS/cmsy/m/n/10=cmsy10
\font\c__fp_exp_intarray=cmr10 at 0.00002pt
\font\c__fp_trig_intarray=cmr10 at 0.00003pt
\font\g__regex_charcode_intarray=cmr10 at 0.00005pt
\font\g__regex_catcode_intarray=cmr10 at 0.00006pt
\font\g__regex_balance_intarray=cmr10 at 0.00008pt
\font\g__regex_state_active_intarray=cmr10 at 0.00009pt
\font\g__regex_thread_state_intarray=cmr10 at 0.0001pt
\font\g__regex_submatch_prev_intarray=cmr10 at 0.00012pt
\font\g__regex_submatch_begin_intarray=cmr10 at 0.00014pt
\font\g__regex_submatch_end_intarray=cmr10 at 0.00015pt
\font\OMX/cmex/m/n/7=cmex7
\font\OMX/cmex/m/n/5=cmex7 at 5.0pt
\font\U/msa/m/n/10=msam10
\font\U/msa/m/n/7=msam7
\font\U/msa/m/n/5=msam5
\font\U/msb/m/n/10=msbm10
\font\U/msb/m/n/7=msbm7
\font\U/msb/m/n/5=msbm5
\font\OT1/cmr/m/n/10.95=cmr10 at 10.95pt
\font\OT1/cmr/m/n/8=cmr8
\font\OT1/cmr/bx/n/10=cmbx10
\font\OT1/cmr/bx/it/10=cmbxti10
\font\OT1/cmr/m/it/10=cmti10
\font\OT1/cmtt/m/n/10=cmtt10
\font\OT1/cmss/m/n/10=cmss10
536115 words of font info for 39 preloaded fonts
1302 hyphenation exceptions
Hyphenation trie of length 375338 has 8781 ops out of 35111
  105 for language 84
  58 for language 83
  66 for language 82
  58 for language 79
  12 for language 78
  478 for language 76
  248 for language 74
  43 for language 72
  3 for language 71
  7 for language 70
  18 for language 68
  229 for language 67
  40 for language 65
  25 for language 64
  207 for language 63
  460 for language 62
  37 for language 61
  194 for language 59
  89 for language 57
  54 for language 56
  14 for language 54
  36 for language 53
  110 for language 51
  63 for language 50
  147 for language 48
  60 for language 47
  50 for language 46
  53 for language 45
  38 for language 44
  19 for language 43
  137 for language 42
  265 for language 41
  76 for language 40
  38 for language 39
  77 for language 38
  377 for language 37
  143 for language 35
  27 for language 34
  37 for language 33
  185 for language 32
  31 for language 31
  62 for language 30
  71 for language 29
  21 for language 28
  206 for language 27
  23 for language 26
  39 for language 25
  183 for language 24
  852 for language 23
  7 for language 22
  127 for language 21
  224 for language 20
  235 for language 19
  21 for language 17
  113 for language 15
  475 for language 14
  852 for language 12
  5 for language 10
  148 for language 9
  119 for language 8
  138 for language 6
  145 for language 5
  97 for language 4
  21 for language 3
  2 for language 1
  181 for language 0
0 words of pdfTeX memory
0 indirect objects
No pages of output.
PDF statistics:
 0 PDF objects out of 1000 (max. 8388607)
 0 named destinations out of 1000 (max. 500000)
 1 words of extra memory for PDF output out of 10000 (max. 10000000)

